<?xml version="1.0" encoding="UTF-8"?>
<testsuite xmlns:xsi="http://www.w3.org/2001/XMLSchema-instance" xsi:schemaLocation="https://maven.apache.org/surefire/maven-surefire-plugin/xsd/surefire-test-report.xsd" name="TestSuite" time="4.997" tests="17" errors="0" skipped="0" failures="6">
  <properties>
    <property name="java.runtime.name" value="Java(TM) SE Runtime Environment"/>
    <property name="sun.boot.library.path" value="C:\Program Files\Java\jre1.8.0_201\bin"/>
    <property name="java.vm.version" value="25.201-b09"/>
    <property name="java.vm.vendor" value="Oracle Corporation"/>
    <property name="maven.multiModuleProjectDirectory" value="D:\ws1\test"/>
    <property name="java.vendor.url" value="http://java.oracle.com/"/>
    <property name="path.separator" value=";"/>
    <property name="guice.disable.misplaced.annotation.check" value="true"/>
    <property name="java.vm.name" value="Java HotSpot(TM) 64-Bit Server VM"/>
    <property name="file.encoding.pkg" value="sun.io"/>
    <property name="user.script" value=""/>
    <property name="user.country" value="IN"/>
    <property name="sun.java.launcher" value="SUN_STANDARD"/>
    <property name="sun.os.patch.level" value=""/>
    <property name="java.vm.specification.name" value="Java Virtual Machine Specification"/>
    <property name="user.dir" value="D:\ws1\test"/>
    <property name="java.runtime.version" value="1.8.0_201-b09"/>
    <property name="java.awt.graphicsenv" value="sun.awt.Win32GraphicsEnvironment"/>
    <property name="basedir" value="D:\ws1\test"/>
    <property name="java.endorsed.dirs" value="C:\Program Files\Java\jre1.8.0_201\lib\endorsed"/>
    <property name="os.arch" value="amd64"/>
    <property name="java.io.tmpdir" value="C:\Users\ROHIT~1.SHA\AppData\Local\Temp\"/>
    <property name="line.separator" value="&#10;"/>
    <property name="java.vm.specification.vendor" value="Oracle Corporation"/>
    <property name="user.variant" value=""/>
    <property name="os.name" value="Windows 10"/>
    <property name="classworlds.conf" value="D:\ws1\.metadata\.plugins\org.eclipse.m2e.launching\launches\m2conf9000756945757520559.tmp"/>
    <property name="sun.jnu.encoding" value="Cp1252"/>
    <property name="java.library.path" value="C:\Program Files\Java\jre1.8.0_201\bin;C:\Windows\Sun\Java\bin;C:\Windows\system32;C:\Windows;C:/Program Files/Java/jre1.8.0_201/bin/server;C:/Program Files/Java/jre1.8.0_201/bin;C:/Program Files/Java/jre1.8.0_201/lib/amd64;C:\Program Files (x86)\Common Files\Oracle\Java\javapath;C:\Windows\system32;C:\Windows;C:\Windows\System32\Wbem;C:\Windows\System32\WindowsPowerShell\v1.0\;C:\Windows\System32\OpenSSH\;C:\Program Files (x86)\CheckPoint\Endpoint Security\Endpoint Common\bin;C:\Program Files\nodejs\;C:\Users\rohit.sharma\AppData\Local\Programs\Python\Python37\Scripts\;C:\Users\rohit.sharma\AppData\Local\Programs\Python\Python37\;C:\Users\rohit.sharma\AppData\Local\Microsoft\WindowsApps;C:\Users\rohit.sharma\AppData\Local\Programs\Git\cmd;C:\Users\rohit.sharma\AppData\Roaming\npm;D:\Softwares\eclipse;;."/>
    <property name="surefire.test.class.path" value="D:\ws1\test\target\test-classes;D:\ws1\test\target\classes;C:\Users\rohit.sharma\.m2\repository\com\beust\jcommander\1.27\jcommander-1.27.jar;C:\Users\rohit.sharma\.m2\repository\org\jopendocument\jOpenDocument\1.3b1\jOpenDocument-1.3b1.jar;C:\Users\rohit.sharma\.m2\repository\log4j\log4j\1.2.17\log4j-1.2.17.jar;C:\Users\rohit.sharma\.m2\repository\org\slf4j\slf4j-api\1.7.13\slf4j-api-1.7.13.jar;C:\Users\rohit.sharma\.m2\repository\com\google\code\gson\gson\2.8.5\gson-2.8.5.jar;C:\Users\rohit.sharma\.m2\repository\org\json\json\20090211\json-20090211.jar;C:\Users\rohit.sharma\.m2\repository\com\jayway\restassured\rest-assured\2.4.0\rest-assured-2.4.0.jar;C:\Users\rohit.sharma\.m2\repository\org\codehaus\groovy\groovy\2.3.7\groovy-2.3.7.jar;C:\Users\rohit.sharma\.m2\repository\org\codehaus\groovy\groovy-xml\2.3.7\groovy-xml-2.3.7.jar;C:\Users\rohit.sharma\.m2\repository\org\apache\httpcomponents\httpclient\4.3.6\httpclient-4.3.6.jar;C:\Users\rohit.sharma\.m2\repository\org\apache\httpcomponents\httpcore\4.3.3\httpcore-4.3.3.jar;C:\Users\rohit.sharma\.m2\repository\commons-logging\commons-logging\1.1.3\commons-logging-1.1.3.jar;C:\Users\rohit.sharma\.m2\repository\commons-codec\commons-codec\1.6\commons-codec-1.6.jar;C:\Users\rohit.sharma\.m2\repository\org\apache\httpcomponents\httpmime\4.3.6\httpmime-4.3.6.jar;C:\Users\rohit.sharma\.m2\repository\org\hamcrest\hamcrest-core\1.3\hamcrest-core-1.3.jar;C:\Users\rohit.sharma\.m2\repository\org\hamcrest\hamcrest-library\1.3\hamcrest-library-1.3.jar;C:\Users\rohit.sharma\.m2\repository\org\ccil\cowan\tagsoup\tagsoup\1.2.1\tagsoup-1.2.1.jar;C:\Users\rohit.sharma\.m2\repository\com\jayway\restassured\json-path\2.4.0\json-path-2.4.0.jar;C:\Users\rohit.sharma\.m2\repository\org\codehaus\groovy\groovy-json\2.3.7\groovy-json-2.3.7.jar;C:\Users\rohit.sharma\.m2\repository\com\jayway\restassured\rest-assured-common\2.4.0\rest-assured-common-2.4.0.jar;C:\Users\rohit.sharma\.m2\repository\com\jayway\restassured\xml-path\2.4.0\xml-path-2.4.0.jar;C:\Users\rohit.sharma\.m2\repository\org\apache\commons\commons-lang3\3.3.2\commons-lang3-3.3.2.jar;C:\Users\rohit.sharma\.m2\repository\com\googlecode\json-simple\json-simple\1.1\json-simple-1.1.jar;C:\Users\rohit.sharma\.m2\repository\com\fasterxml\jackson\core\jackson-databind\2.6.3\jackson-databind-2.6.3.jar;C:\Users\rohit.sharma\.m2\repository\com\fasterxml\jackson\core\jackson-annotations\2.6.0\jackson-annotations-2.6.0.jar;C:\Users\rohit.sharma\.m2\repository\com\fasterxml\jackson\core\jackson-core\2.6.3\jackson-core-2.6.3.jar;C:\Users\rohit.sharma\.m2\repository\org\codehaus\jackson\jackson-mapper-asl\1.9.13\jackson-mapper-asl-1.9.13.jar;C:\Users\rohit.sharma\.m2\repository\org\codehaus\jackson\jackson-core-asl\1.9.13\jackson-core-asl-1.9.13.jar;C:\Users\rohit.sharma\.m2\repository\com\fasterxml\jackson\dataformat\jackson-dataformat-xml\2.9.0\jackson-dataformat-xml-2.9.0.jar;C:\Users\rohit.sharma\.m2\repository\com\fasterxml\jackson\module\jackson-module-jaxb-annotations\2.9.0\jackson-module-jaxb-annotations-2.9.0.jar;C:\Users\rohit.sharma\.m2\repository\org\codehaus\woodstox\stax2-api\3.1.4\stax2-api-3.1.4.jar;C:\Users\rohit.sharma\.m2\repository\com\fasterxml\woodstox\woodstox-core\5.0.3\woodstox-core-5.0.3.jar;C:\Users\rohit.sharma\.m2\repository\org\testng\testng\6.11\testng-6.11.jar;C:\Users\rohit.sharma\.m2\repository\org\yaml\snakeyaml\1.17\snakeyaml-1.17.jar;C:\Users\rohit.sharma\.m2\repository\org\apache\maven\surefire\surefire-testng-utils\2.19.1\surefire-testng-utils-2.19.1.jar;C:\Users\rohit.sharma\.m2\repository\org\apache\maven\surefire\surefire-grouper\2.19.1\surefire-grouper-2.19.1.jar;"/>
    <property name="java.specification.name" value="Java Platform API Specification"/>
    <property name="java.class.version" value="52.0"/>
    <property name="sun.management.compiler" value="HotSpot 64-Bit Tiered Compilers"/>
    <property name="os.version" value="10.0"/>
    <property name="user.home" value="C:\Users\rohit.sharma"/>
    <property name="user.timezone" value="Asia/Calcutta"/>
    <property name="java.awt.printerjob" value="sun.awt.windows.WPrinterJob"/>
    <property name="java.specification.version" value="1.8"/>
    <property name="file.encoding" value="Cp1252"/>
    <property name="user.name" value="rohit.sharma"/>
    <property name="java.class.path" value="/D:/Softwares/eclipse/plugins/org.eclipse.m2e.maven.runtime_1.8.0.20160921-2001/jars/plexus-classworlds-2.5.2.jar"/>
    <property name="java.vm.specification.version" value="1.8"/>
    <property name="sun.arch.data.model" value="64"/>
    <property name="java.home" value="C:\Program Files\Java\jre1.8.0_201"/>
    <property name="sun.java.command" value="org.codehaus.plexus.classworlds.launcher.Launcher -B test"/>
    <property name="java.specification.vendor" value="Oracle Corporation"/>
    <property name="user.language" value="en"/>
    <property name="awt.toolkit" value="sun.awt.windows.WToolkit"/>
    <property name="java.vm.info" value="mixed mode"/>
    <property name="java.version" value="1.8.0_201"/>
    <property name="java.ext.dirs" value="C:\Program Files\Java\jre1.8.0_201\lib\ext;C:\Windows\Sun\Java\lib\ext"/>
    <property name="sun.boot.class.path" value="C:\Program Files\Java\jre1.8.0_201\lib\resources.jar;C:\Program Files\Java\jre1.8.0_201\lib\rt.jar;C:\Program Files\Java\jre1.8.0_201\lib\jsse.jar;C:\Program Files\Java\jre1.8.0_201\lib\jce.jar;C:\Program Files\Java\jre1.8.0_201\lib\charsets.jar;C:\Program Files\Java\jre1.8.0_201\lib\jfr.jar;C:\Program Files\Java\jdk1.8.0_201\lib\tools.jar"/>
    <property name="java.vendor" value="Oracle Corporation"/>
    <property name="maven.home" value="D:\ws1\test\EMBEDDED"/>
    <property name="localRepository" value="C:\Users\rohit.sharma\.m2\repository"/>
    <property name="file.separator" value="\"/>
    <property name="java.vendor.url.bug" value="http://bugreport.sun.com/bugreport/"/>
    <property name="sun.cpu.endian" value="little"/>
    <property name="sun.io.unicode.encoding" value="UnicodeLittle"/>
    <property name="baseDir" value="D:/ws1/test"/>
    <property name="sun.desktop" value="windows"/>
    <property name="sun.cpu.isalist" value="amd64"/>
  </properties>
  <testcase name="verifyUsersAvailability" classname="com.mytaxi.testscript.VerifyComments" time="2.31"/>
  <testcase name="verifyPosts" classname="com.mytaxi.testscript.VerifyComments" time="0.975"/>
  <testcase name="verifyComments" classname="com.mytaxi.testscript.VerifyComments" time="1.078"/>
  <testcase name="verifyEmailFormat" classname="com.mytaxi.testscript.VerifyComments" time="0.002">
    <failure message="Email is not in proper Format barack21 @gmail.com expected [true] but found [false]" type="java.lang.AssertionError">java.lang.AssertionError: Email is not in proper Format barack21 @gmail.com expected [true] but found [false]
	at com.mytaxi.testscript.VerifyComments.verifyEmailFormat(VerifyComments.java:120)
</failure>
  </testcase>
  <testcase name="verifyEmailFormat" classname="com.mytaxi.testscript.VerifyComments" time="0">
    <failure message="Email is not in proper Format barack#25@gmail.com expected [true] but found [false]" type="java.lang.AssertionError">java.lang.AssertionError: Email is not in proper Format barack#25@gmail.com expected [true] but found [false]
	at com.mytaxi.testscript.VerifyComments.verifyEmailFormat(VerifyComments.java:120)
</failure>
  </testcase>
  <testcase name="verifyEmailFormat" classname="com.mytaxi.testscript.VerifyComments" time="0">
    <failure message="Email is not in proper Format barack6@gmailcom expected [true] but found [false]" type="java.lang.AssertionError">java.lang.AssertionError: Email is not in proper Format barack6@gmailcom expected [true] but found [false]
	at com.mytaxi.testscript.VerifyComments.verifyEmailFormat(VerifyComments.java:120)
</failure>
  </testcase>
  <testcase name="verifyEmailFormat" classname="com.mytaxi.testscript.VerifyComments" time="0"/>
  <testcase name="verifyEmailFormat" classname="com.mytaxi.testscript.VerifyComments" time="0">
    <failure message="Email is not in proper Format @hotmail.com expected [true] but found [false]" type="java.lang.AssertionError">java.lang.AssertionError: Email is not in proper Format @hotmail.com expected [true] but found [false]
	at com.mytaxi.testscript.VerifyComments.verifyEmailFormat(VerifyComments.java:120)
</failure>
  </testcase>
  <testcase name="verifyEmailFormat" classname="com.mytaxi.testscript.VerifyComments" time="0"/>
  <testcase name="verifyEmailFormat" classname="com.mytaxi.testscript.VerifyComments" time="0.001"/>
  <testcase name="verifyEmailFormat" classname="com.mytaxi.testscript.VerifyComments" time="0"/>
  <testcase name="verifyEmailFormat" classname="com.mytaxi.testscript.VerifyComments" time="0">
    <failure message="Email is not in proper Format barack8gmail.com expected [true] but found [false]" type="java.lang.AssertionError">java.lang.AssertionError: Email is not in proper Format barack8gmail.com expected [true] but found [false]
	at com.mytaxi.testscript.VerifyComments.verifyEmailFormat(VerifyComments.java:120)
</failure>
  </testcase>
  <testcase name="verifyEmailFormat" classname="com.mytaxi.testscript.VerifyComments" time="0"/>
  <testcase name="verifyEmailFormat" classname="com.mytaxi.testscript.VerifyComments" time="0"/>
  <testcase name="verifyEmailFormat" classname="com.mytaxi.testscript.VerifyComments" time="0"/>
  <testcase name="verifyEmailFormat" classname="com.mytaxi.testscript.VerifyComments" time="0"/>
  <testcase name="verifyEmailFormat" classname="com.mytaxi.testscript.VerifyComments" time="0">
    <failure message="Email is not in proper Format barack7@gmail. expected [true] but found [false]" type="java.lang.AssertionError">java.lang.AssertionError: Email is not in proper Format barack7@gmail. expected [true] but found [false]
	at com.mytaxi.testscript.VerifyComments.verifyEmailFormat(VerifyComments.java:120)
</failure>
  </testcase>
</testsuite>